[1218/230826.060:ERROR:process_memory_win.cc(73)] ReadMemory at 0x7ff6d2750000 of 64 bytes failed: Seule une partie d’une requête ReadProcessMemory ou WriteProcessMemory a été effectuée. (0x12B)
[1218/230826.061:WARNING:pe_image_reader.cc(340)] could not read dos header from C:\Program Files (x86)\Google\Chrome\Application\chrome.exe
[1218/230826.061:ERROR:process_memory_win.cc(73)] ReadMemory at 0x1a9a9ef07b0 of 72 bytes failed: Seule une partie d’une requête ReadProcessMemory ou WriteProcessMemory a été effectuée. (0x12B)
[1218/230826.061:WARNING:pe_image_annotations_reader.cc(134)] could not read annotations list object in C:\Program Files (x86)\Google\Chrome\Application\79.0.3945.79\chrome_elf.dll
[1218/230826.061:ERROR:process_memory_win.cc(73)] ReadMemory at 0x7ffc5f200000 of 64 bytes failed: Seule une partie d’une requête ReadProcessMemory ou WriteProcessMemory a été effectuée. (0x12B)
[1218/230826.061:WARNING:pe_image_reader.cc(340)] could not read dos header from C:\Program Files (x86)\Google\Chrome\Application\79.0.3945.79\chrome_child.dll
[1218/230826.061:ERROR:process_memory_win.cc(73)] ReadMemory at 0x1a9aa060000 of 64 bytes failed: Seule une partie d’une requête ReadProcessMemory ou WriteProcessMemory a été effectuée. (0x12B)
[1218/230826.061:WARNING:pe_image_reader.cc(340)] could not read dos header from C:\WINDOWS\System32\combase.dll
[1218/230826.062:ERROR:process_memory_win.cc(73)] ReadMemory at 0x7ffcbf570000 of 64 bytes failed: Seule une partie d’une requête ReadProcessMemory ou WriteProcessMemory a été effectuée. (0x12B)
[1218/230826.062:WARNING:pe_image_reader.cc(340)] could not read dos header from C:\WINDOWS\SYSTEM32\WINMM.dll
[1218/230826.062:ERROR:process_memory_win.cc(73)] ReadMemory at 0x7ffcc1310000 of 64 bytes failed: Seule une partie d’une requête ReadProcessMemory ou WriteProcessMemory a été effectuée. (0x12B)
[1218/230826.062:WARNING:pe_image_reader.cc(340)] could not read dos header from C:\WINDOWS\SYSTEM32\USERENV.dll
[1218/230826.062:ERROR:process_memory_win.cc(73)] ReadMemory at 0x7ffcc1490000 of 64 bytes failed: Seule une partie d’une requête ReadProcessMemory ou WriteProcessMemory a été effectuée. (0x12B)
[1218/230826.062:WARNING:pe_image_reader.cc(340)] could not read dos header from C:\WINDOWS\System32\profapi.dll
[1218/230826.062:ERROR:process_memory_win.cc(73)] ReadMemory at 0x7ffca85a0000 of 64 bytes failed: Seule une partie d’une requête ReadProcessMemory ou WriteProcessMemory a été effectuée. (0x12B)
[1218/230826.062:WARNING:pe_image_reader.cc(340)] could not read dos header from C:\WINDOWS\SYSTEM32\DWrite.dll
[1218/230826.062:ERROR:process_memory_win.cc(73)] ReadMemory at 0x7ffcb6730000 of 64 bytes failed: Seule une partie d’une requête ReadProcessMemory ou WriteProcessMemory a été effectuée. (0x12B)
[1218/230826.062:WARNING:pe_image_reader.cc(340)] could not read dos header from C:\WINDOWS\SYSTEM32\WINSPOOL.DRV
[1218/230826.062:ERROR:process_memory_win.cc(73)] ReadMemory at 0x7ffcc1400000 of 64 bytes failed: Seule une partie d’une requête ReadProcessMemory ou WriteProcessMemory a été effectuée. (0x12B)
[1218/230826.062:WARNING:pe_image_reader.cc(340)] could not read dos header from C:\WINDOWS\System32\kernel.appcore.dll
[1218/230826.062:ERROR:process_memory_win.cc(73)] ReadMemory at 0x7ffcc1610000 of 64 bytes failed: Seule une partie d’une requête ReadProcessMemory ou WriteProcessMemory a été effectuée. (0x12B)
[1218/230826.062:WARNING:pe_image_reader.cc(340)] could not read dos header from C:\WINDOWS\System32\bcrypt.dll
[1218/230826.062:ERROR:process_memory_win.cc(73)] ReadMemory at 0x7ffcae7d0000 of 64 bytes failed: Seule une partie d’une requête ReadProcessMemory ou WriteProcessMemory a été effectuée. (0x12B)
[1218/230826.062:WARNING:pe_image_reader.cc(340)] could not read dos header from C:\WINDOWS\SYSTEM32\dbghelp.dll
[1218/230826.062:ERROR:process_memory_win.cc(73)] ReadMemory at 0x7ffcaad10000 of 64 bytes failed: Seule une partie d’une requête ReadProcessMemory ou WriteProcessMemory a été effectuée. (0x12B)
[1218/230826.062:WARNING:pe_image_reader.cc(340)] could not read dos header from C:\WINDOWS\SYSTEM32\Secur32.dll
[1218/230826.062:ERROR:process_memory_win.cc(73)] ReadMemory at 0x7ffcbc660000 of 64 bytes failed: Seule une partie d’une requête ReadProcessMemory ou WriteProcessMemory a été effectuée. (0x12B)
[1218/230826.062:WARNING:pe_image_reader.cc(340)] could not read dos header from C:\WINDOWS\SYSTEM32\WINHTTP.dll
[1218/230826.062:ERROR:process_memory_win.cc(73)] ReadMemory at 0x7ffcbc220000 of 64 bytes failed: Seule une partie d’une requête ReadProcessMemory ou WriteProcessMemory a été effectuée. (0x12B)
[1218/230826.062:WARNING:pe_image_reader.cc(340)] could not read dos header from C:\WINDOWS\SYSTEM32\dhcpcsvc.DLL
[1218/230826.062:ERROR:process_memory_win.cc(73)] ReadMemory at 0x7ffcbf420000 of 64 bytes failed: Seule une partie d’une requête ReadProcessMemory ou WriteProcessMemory a été effectuée. (0x12B)
[1218/230826.062:WARNING:pe_image_reader.cc(340)] could not read dos header from C:\WINDOWS\SYSTEM32\WINMMBASE.dll
[1218/230826.062:ERROR:process_memory_win.cc(73)] ReadMemory at 0x7ffcc1af0000 of 64 bytes failed: Seule une partie d’une requête ReadProcessMemory ou WriteProcessMemory a été effectuée. (0x12B)
[1218/230826.062:WARNING:pe_image_reader.cc(340)] could not read dos header from C:\WINDOWS\System32\cfgmgr32.dll
[1218/230826.062:ERROR:process_memory_win.cc(73)] ReadMemory at 0x7ffcbdd90000 of 64 bytes failed: Seule une partie d’une requête ReadProcessMemory ou WriteProcessMemory a été effectuée. (0x12B)
[1218/230826.062:WARNING:pe_image_reader.cc(340)] could not read dos header from C:\WINDOWS\SYSTEM32\PROPSYS.dll
[1218/230826.062:ERROR:process_memory_win.cc(73)] ReadMemory at 0x7ffcc12e0000 of 64 bytes failed: Seule une partie d’une requête ReadProcessMemory ou WriteProcessMemory a été effectuée. (0x12B)
[1218/230826.062:WARNING:pe_image_reader.cc(340)] could not read dos header from C:\WINDOWS\SYSTEM32\SSPICLI.DLL
[1218/230826.062:ERROR:process_memory_win.cc(73)] ReadMemory at 0x7ffcc0e30000 of 64 bytes failed: Seule une partie d’une requête ReadProcessMemory ou WriteProcessMemory a été effectuée. (0x12B)
[1218/230826.062:WARNING:pe_image_reader.cc(340)] could not read dos header from C:\WINDOWS\SYSTEM32\CRYPTBASE.DLL
[1218/230826.062:ERROR:process_memory_win.cc(73)] ReadMemory at 0x7ff6d2750000 of 64 bytes failed: Seule une partie d’une requête ReadProcessMemory ou WriteProcessMemory a été effectuée. (0x12B)
[1218/230826.062:WARNING:pe_image_reader.cc(340)] could not read dos header from C:\Program Files (x86)\Google\Chrome\Application\chrome.exe
[1218/230826.062:ERROR:process_memory_win.cc(73)] ReadMemory at 0x7ffcc2c90000 of 64 bytes failed: Seule une partie d’une requête ReadProcessMemory ou WriteProcessMemory a été effectuée. (0x12B)
[1218/230826.062:WARNING:pe_image_reader.cc(340)] could not read dos header from C:\WINDOWS\System32\KERNEL32.DLL
[1218/230826.062:ERROR:process_memory_win.cc(73)] ReadMemory at 0x7ffcc1670000 of 64 bytes failed: Seule une partie d’une requête ReadProcessMemory ou WriteProcessMemory a été effectuée. (0x12B)
[1218/230826.062:WARNING:pe_image_reader.cc(340)] could not read dos header from C:\WINDOWS\System32\KERNELBASE.dll
[1218/230826.062:ERROR:process_memory_win.cc(73)] ReadMemory at 0x7ffcb3500000 of 64 bytes failed: Seule une partie d’une requête ReadProcessMemory ou WriteProcessMemory a été effectuée. (0x12B)
[1218/230826.062:WARNING:pe_image_reader.cc(340)] could not read dos header from C:\Program Files (x86)\Google\Chrome\Application\79.0.3945.79\chrome_elf.dll
[1218/230826.062:ERROR:process_memory_win.cc(73)] ReadMemory at 0x7ffcbbac0000 of 64 bytes failed: Seule une partie d’une requête ReadProcessMemory ou WriteProcessMemory a été effectuée. (0x12B)
[1218/230826.062:WARNING:pe_image_reader.cc(340)] could not read dos header from C:\WINDOWS\SYSTEM32\VERSION.dll
[1218/230826.062:ERROR:process_memory_win.cc(73)] ReadMemory at 0x7ffcc2b70000 of 64 bytes failed: Seule une partie d’une requête ReadProcessMemory ou WriteProcessMemory a été effectuée. (0x12B)
[1218/230826.062:WARNING:pe_image_reader.cc(340)] could not read dos header from C:\WINDOWS\System32\msvcrt.dll
[1218/230826.062:ERROR:process_memory_win.cc(73)] ReadMemory at 0x7ffcc19d0000 of 64 bytes failed: Seule une partie d’une requête ReadProcessMemory ou WriteProcessMemory a été effectuée. (0x12B)
[1218/230826.062:WARNING:pe_image_reader.cc(340)] could not read dos header from C:\WINDOWS\System32\bcryptPrimitives.dll
[1218/230826.062:ERROR:process_memory_win.cc(73)] ReadMemory at 0x7ffcc32c0000 of 64 bytes failed: Seule une partie d’une requête ReadProcessMemory ou WriteProcessMemory a été effectuée. (0x12B)
[1218/230826.062:WARNING:pe_image_reader.cc(340)] could not read dos header from C:\WINDOWS\System32\ADVAPI32.dll
[1218/230826.062:ERROR:process_memory_win.cc(73)] ReadMemory at 0x7ffcc2630000 of 64 bytes failed: Seule une partie d’une requête ReadProcessMemory ou WriteProcessMemory a été effectuée. (0x12B)
[1218/230826.062:WARNING:pe_image_reader.cc(340)] could not read dos header from C:\WINDOWS\System32\sechost.dll
[1218/230826.063:ERROR:process_memory_win.cc(73)] ReadMemory at 0x7ffcc3ae0000 of 64 bytes failed: Seule une partie d’une requête ReadProcessMemory ou WriteProcessMemory a été effectuée. (0x12B)
[1218/230826.063:WARNING:pe_image_reader.cc(340)] could not read dos header from C:\WINDOWS\System32\RPCRT4.dll
[1218/230826.063:ERROR:process_memory_win.cc(73)] ReadMemory at 0x7ffc5f200000 of 64 bytes failed: Seule une partie d’une requête ReadProcessMemory ou WriteProcessMemory a été effectuée. (0x12B)
[1218/230826.063:WARNING:pe_image_reader.cc(340)] could not read dos header from C:\Program Files (x86)\Google\Chrome\Application\79.0.3945.79\chrome_child.dll
[1218/230826.063:ERROR:process_memory_win.cc(73)] ReadMemory at 0x7ffcc31f0000 of 64 bytes failed: Seule une partie d’une requête ReadProcessMemory ou WriteProcessMemory a été effectuée. (0x12B)
[1218/230826.063:WARNING:pe_image_reader.cc(340)] could not read dos header from C:\WINDOWS\System32\OLEAUT32.dll
[1218/230826.063:ERROR:process_memory_win.cc(73)] ReadMemory at 0x7ffcc1a50000 of 64 bytes failed: Seule une partie d’une requête ReadProcessMemory ou WriteProcessMemory a été effectuée. (0x12B)
[1218/230826.063:WARNING:pe_image_reader.cc(340)] could not read dos header from C:\WINDOWS\System32\msvcp_win.dll
[1218/230826.063:ERROR:process_memory_win.cc(73)] ReadMemory at 0x7ffcc1510000 of 64 bytes failed: Seule une partie d’une requête ReadProcessMemory ou WriteProcessMemory a été effectuée. (0x12B)
[1218/230826.063:WARNING:pe_image_reader.cc(340)] could not read dos header from C:\WINDOWS\System32\ucrtbase.dll
[1218/230826.063:ERROR:process_memory_win.cc(73)] ReadMemory at 0x1a9aa060000 of 64 bytes failed: Seule une partie d’une requête ReadProcessMemory ou WriteProcessMemory a été effectuée. (0x12B)
[1218/230826.063:WARNING:pe_image_reader.cc(340)] could not read dos header from C:\WINDOWS\System32\combase.dll
[1218/230826.063:ERROR:process_memory_win.cc(73)] ReadMemory at 0x7ffcc26d0000 of 64 bytes failed: Seule une partie d’une requête ReadProcessMemory ou WriteProcessMemory a été effectuée. (0x12B)
[1218/230826.063:WARNING:pe_image_reader.cc(340)] could not read dos header from C:\WINDOWS\System32\WS2_32.dll
[1218/230826.063:ERROR:process_memory_win.cc(73)] ReadMemory at 0x7ffcc14b0000 of 64 bytes failed: Seule une partie d’une requête ReadProcessMemory ou WriteProcessMemory a été effectuée. (0x12B)
[1218/230826.063:WARNING:pe_image_reader.cc(340)] could not read dos header from C:\WINDOWS\System32\WINTRUST.dll
[1218/230826.063:ERROR:process_memory_win.cc(73)] ReadMemory at 0x7ffcc1470000 of 64 bytes failed: Seule une partie d’une requête ReadProcessMemory ou WriteProcessMemory a été effectuée. (0x12B)
[1218/230826.063:WARNING:pe_image_reader.cc(340)] could not read dos header from C:\WINDOWS\System32\MSASN1.dll
[1218/230826.063:ERROR:process_memory_win.cc(73)] ReadMemory at 0x7ffcc2480000 of 64 bytes failed: Seule une partie d’une requête ReadProcessMemory ou WriteProcessMemory a été effectuée. (0x12B)
[1218/230826.063:WARNING:pe_image_reader.cc(340)] could not read dos header from C:\WINDOWS\System32\CRYPT32.dll
[1218/230826.063:ERROR:process_memory_win.cc(73)] ReadMemory at 0x7ffcc0970000 of 64 bytes failed: Seule une partie d’une requête ReadProcessMemory ou WriteProcessMemory a été effectuée. (0x12B)
[1218/230826.063:WARNING:pe_image_reader.cc(340)] could not read dos header from C:\WINDOWS\SYSTEM32\IPHLPAPI.DLL
[1218/230826.063:ERROR:process_memory_win.cc(73)] ReadMemory at 0x7ffcbf570000 of 64 bytes failed: Seule une partie d’une requête ReadProcessMemory ou WriteProcessMemory a été effectuée. (0x12B)
[1218/230826.063:WARNING:pe_image_reader.cc(340)] could not read dos header from C:\WINDOWS\SYSTEM32\WINMM.dll
[1218/230826.063:ERROR:process_memory_win.cc(73)] ReadMemory at 0x7ffcc1310000 of 64 bytes failed: Seule une partie d’une requête ReadProcessMemory ou WriteProcessMemory a été effectuée. (0x12B)
[1218/230826.063:WARNING:pe_image_reader.cc(340)] could not read dos header from C:\WINDOWS\SYSTEM32\USERENV.dll
[1218/230826.063:ERROR:process_memory_win.cc(73)] ReadMemory at 0x7ffcc1490000 of 64 bytes failed: Seule une partie d’une requête ReadProcessMemory ou WriteProcessMemory a été effectuée. (0x12B)
[1218/230826.063:WARNING:pe_image_reader.cc(340)] could not read dos header from C:\WINDOWS\System32\profapi.dll
[1218/230826.063:ERROR:process_memory_win.cc(73)] ReadMemory at 0x7ffca85a0000 of 64 bytes failed: Seule une partie d’une requête ReadProcessMemory ou WriteProcessMemory a été effectuée. (0x12B)
[1218/230826.063:WARNING:pe_image_reader.cc(340)] could not read dos header from C:\WINDOWS\SYSTEM32\DWrite.dll
[1218/230826.063:ERROR:process_memory_win.cc(73)] ReadMemory at 0x7ffcb6730000 of 64 bytes failed: Seule une partie d’une requête ReadProcessMemory ou WriteProcessMemory a été effectuée. (0x12B)
[1218/230826.063:WARNING:pe_image_reader.cc(340)] could not read dos header from C:\WINDOWS\SYSTEM32\WINSPOOL.DRV
[1218/230826.063:ERROR:process_memory_win.cc(73)] ReadMemory at 0x7ffcc1400000 of 64 bytes failed: Seule une partie d’une requête ReadProcessMemory ou WriteProcessMemory a été effectuée. (0x12B)
[1218/230826.063:WARNING:pe_image_reader.cc(340)] could not read dos header from C:\WINDOWS\System32\kernel.appcore.dll
[1218/230826.063:ERROR:process_memory_win.cc(73)] ReadMemory at 0x7ffcc1610000 of 64 bytes failed: Seule une partie d’une requête ReadProcessMemory ou WriteProcessMemory a été effectuée. (0x12B)
[1218/230826.063:WARNING:pe_image_reader.cc(340)] could not read dos header from C:\WINDOWS\System32\bcrypt.dll
[1218/230826.063:ERROR:process_memory_win.cc(73)] ReadMemory at 0x7ffcae7d0000 of 64 bytes failed: Seule une partie d’une requête ReadProcessMemory ou WriteProcessMemory a été effectuée. (0x12B)
[1218/230826.063:WARNING:pe_image_reader.cc(340)] could not read dos header from C:\WINDOWS\SYSTEM32\dbghelp.dll
[1218/230826.063:ERROR:process_memory_win.cc(73)] ReadMemory at 0x7ffcaad10000 of 64 bytes failed: Seule une partie d’une requête ReadProcessMemory ou WriteProcessMemory a été effectuée. (0x12B)
[1218/230826.063:WARNING:pe_image_reader.cc(340)] could not read dos header from C:\WINDOWS\SYSTEM32\Secur32.dll
[1218/230826.063:ERROR:process_memory_win.cc(73)] ReadMemory at 0x7ffcbc660000 of 64 bytes failed: Seule une partie d’une requête ReadProcessMemory ou WriteProcessMemory a été effectuée. (0x12B)
[1218/230826.063:WARNING:pe_image_reader.cc(340)] could not read dos header from C:\WINDOWS\SYSTEM32\WINHTTP.dll
[1218/230826.063:ERROR:process_memory_win.cc(73)] ReadMemory at 0x7ffcbc220000 of 64 bytes failed: Seule une partie d’une requête ReadProcessMemory ou WriteProcessMemory a été effectuée. (0x12B)
[1218/230826.063:WARNING:pe_image_reader.cc(340)] could not read dos header from C:\WINDOWS\SYSTEM32\dhcpcsvc.DLL
[1218/230826.063:ERROR:process_memory_win.cc(73)] ReadMemory at 0x7ffcc3c00000 of 64 bytes failed: Seule une partie d’une requête ReadProcessMemory ou WriteProcessMemory a été effectuée. (0x12B)
[1218/230826.063:WARNING:pe_image_reader.cc(340)] could not read dos header from C:\WINDOWS\System32\NSI.dll
[1218/230826.063:ERROR:process_memory_win.cc(73)] ReadMemory at 0x7ffcbf420000 of 64 bytes failed: Seule une partie d’une requête ReadProcessMemory ou WriteProcessMemory a été effectuée. (0x12B)
[1218/230826.063:WARNING:pe_image_reader.cc(340)] could not read dos header from C:\WINDOWS\SYSTEM32\WINMMBASE.dll
[1218/230826.063:ERROR:process_memory_win.cc(73)] ReadMemory at 0x7ffcc1af0000 of 64 bytes failed: Seule une partie d’une requête ReadProcessMemory ou WriteProcessMemory a été effectuée. (0x12B)
[1218/230826.063:WARNING:pe_image_reader.cc(340)] could not read dos header from C:\WINDOWS\System32\cfgmgr32.dll
[1218/230826.063:ERROR:process_memory_win.cc(73)] ReadMemory at 0x7ffcbdd90000 of 64 bytes failed: Seule une partie d’une requête ReadProcessMemory ou WriteProcessMemory a été effectuée. (0x12B)
[1218/230826.064:WARNING:pe_image_reader.cc(340)] could not read dos header from C:\WINDOWS\SYSTEM32\PROPSYS.dll
[1218/230826.064:ERROR:process_memory_win.cc(73)] ReadMemory at 0x7ffcc39c0000 of 64 bytes failed: Seule une partie d’une requête ReadProcessMemory ou WriteProcessMemory a été effectuée. (0x12B)
[1218/230826.064:WARNING:pe_image_reader.cc(340)] could not read dos header from C:\WINDOWS\System32\shcore.dll
[1218/230826.064:ERROR:process_memory_win.cc(73)] ReadMemory at 0x7ffcc12e0000 of 64 bytes failed: Seule une partie d’une requête ReadProcessMemory ou WriteProcessMemory a été effectuée. (0x12B)
[1218/230826.064:WARNING:pe_image_reader.cc(340)] could not read dos header from C:\WINDOWS\SYSTEM32\SSPICLI.DLL
[1218/230826.064:ERROR:process_memory_win.cc(73)] ReadMemory at 0x7ffcc0e30000 of 64 bytes failed: Seule une partie d’une requête ReadProcessMemory ou WriteProcessMemory a été effectuée. (0x12B)
[1218/230826.064:WARNING:pe_image_reader.cc(340)] could not read dos header from C:\WINDOWS\SYSTEM32\CRYPTBASE.DLL
[1218/230826.070:ERROR:process_memory_win.cc(73)] ReadMemory at 0x8e033f5000 of 45056 bytes failed: Seule une partie d’une requête ReadProcessMemory ou WriteProcessMemory a été effectuée. (0x12B)
[1218/230826.070:ERROR:process_memory_win.cc(73)] ReadMemory at 0x8e03bfd000 of 12288 bytes failed: Seule une partie d’une requête ReadProcessMemory ou WriteProcessMemory a été effectuée. (0x12B)
[1218/230826.071:ERROR:process_memory_win.cc(73)] ReadMemory at 0x8e043f9000 of 28672 bytes failed: Seule une partie d’une requête ReadProcessMemory ou WriteProcessMemory a été effectuée. (0x12B)
[1218/230826.071:ERROR:process_memory_win.cc(73)] ReadMemory at 0x8e04bfc000 of 16384 bytes failed: Seule une partie d’une requête ReadProcessMemory ou WriteProcessMemory a été effectuée. (0x12B)
[1218/230826.071:ERROR:process_memory_win.cc(73)] ReadMemory at 0x8e053fc000 of 16384 bytes failed: Seule une partie d’une requête ReadProcessMemory ou WriteProcessMemory a été effectuée. (0x12B)
[1218/230826.071:ERROR:process_memory_win.cc(73)] ReadMemory at 0x8e05bfe000 of 8192 bytes failed: Seule une partie d’une requête ReadProcessMemory ou WriteProcessMemory a été effectuée. (0x12B)
[1218/230826.071:ERROR:process_memory_win.cc(73)] ReadMemory at 0x8e063fd000 of 12288 bytes failed: Seule une partie d’une requête ReadProcessMemory ou WriteProcessMemory a été effectuée. (0x12B)
[1218/230826.071:ERROR:process_memory_win.cc(73)] ReadMemory at 0x8e06bfb000 of 20480 bytes failed: Seule une partie d’une requête ReadProcessMemory ou WriteProcessMemory a été effectuée. (0x12B)
[1218/230826.071:ERROR:process_memory_win.cc(73)] ReadMemory at 0x8e073fd000 of 12288 bytes failed: Seule une partie d’une requête ReadProcessMemory ou WriteProcessMemory a été effectuée. (0x12B)
[1218/230826.071:ERROR:process_memory_win.cc(73)] ReadMemory at 0x8e07bfd000 of 12288 bytes failed: Seule une partie d’une requête ReadProcessMemory ou WriteProcessMemory a été effectuée. (0x12B)
[1218/230826.071:ERROR:process_memory_win.cc(73)] ReadMemory at 0x8e083fd000 of 12288 bytes failed: Seule une partie d’une requête ReadProcessMemory ou WriteProcessMemory a été effectuée. (0x12B)
[1218/230826.071:ERROR:process_memory_win.cc(73)] ReadMemory at 0x8e08bfd000 of 12288 bytes failed: Seule une partie d’une requête ReadProcessMemory ou WriteProcessMemory a été effectuée. (0x12B)
[1218/230826.071:ERROR:process_memory_win.cc(73)] ReadMemory at 0x8e093fd000 of 12288 bytes failed: Seule une partie d’une requête ReadProcessMemory ou WriteProcessMemory a été effectuée. (0x12B)
[1218/230826.071:ERROR:process_memory_win.cc(73)] ReadMemory at 0x8e09bfd000 of 12288 bytes failed: Seule une partie d’une requête ReadProcessMemory ou WriteProcessMemory a été effectuée. (0x12B)
[1218/230826.072:ERROR:process_memory_win.cc(73)] ReadMemory at 0x8e0a3fd000 of 12288 bytes failed: Seule une partie d’une requête ReadProcessMemory ou WriteProcessMemory a été effectuée. (0x12B)
[1218/230826.072:ERROR:process_memory_win.cc(73)] ReadMemory at 0x8e0abfd000 of 12288 bytes failed: Seule une partie d’une requête ReadProcessMemory ou WriteProcessMemory a été effectuée. (0x12B)
[1218/230826.072:ERROR:process_memory_win.cc(73)] ReadMemory at 0x8e0b3fd000 of 12288 bytes failed: Seule une partie d’une requête ReadProcessMemory ou WriteProcessMemory a été effectuée. (0x12B)
[1218/230826.072:ERROR:process_memory_win.cc(73)] ReadMemory at 0x8e02ada000 of 852 bytes failed: Seule une partie d’une requête ReadProcessMemory ou WriteProcessMemory a été effectuée. (0x12B)
[1218/230826.072:ERROR:process_memory_win.cc(73)] ReadMemory at 0x8e02adb000 of 6024 bytes failed: Seule une partie d’une requête ReadProcessMemory ou WriteProcessMemory a été effectuée. (0x12B)
[1218/230826.072:ERROR:process_memory_win.cc(73)] ReadMemory at 0x8e02add000 of 6024 bytes failed: Seule une partie d’une requête ReadProcessMemory ou WriteProcessMemory a été effectuée. (0x12B)
[1218/230826.072:ERROR:process_memory_win.cc(73)] ReadMemory at 0x8e02adf000 of 6024 bytes failed: Seule une partie d’une requête ReadProcessMemory ou WriteProcessMemory a été effectuée. (0x12B)
[1218/230826.072:ERROR:process_memory_win.cc(73)] ReadMemory at 0x8e02ae1000 of 6024 bytes failed: Seule une partie d’une requête ReadProcessMemory ou WriteProcessMemory a été effectuée. (0x12B)
[1218/230826.072:ERROR:process_memory_win.cc(73)] ReadMemory at 0x8e02ae3000 of 6024 bytes failed: Seule une partie d’une requête ReadProcessMemory ou WriteProcessMemory a été effectuée. (0x12B)
[1218/230826.072:ERROR:process_memory_win.cc(73)] ReadMemory at 0x8e02ae5000 of 6024 bytes failed: Seule une partie d’une requête ReadProcessMemory ou WriteProcessMemory a été effectuée. (0x12B)
[1218/230826.072:ERROR:process_memory_win.cc(73)] ReadMemory at 0x8e02ae7000 of 6024 bytes failed: Seule une partie d’une requête ReadProcessMemory ou WriteProcessMemory a été effectuée. (0x12B)
[1218/230826.072:ERROR:process_memory_win.cc(73)] ReadMemory at 0x8e02ae9000 of 6024 bytes failed: Seule une partie d’une requête ReadProcessMemory ou WriteProcessMemory a été effectuée. (0x12B)
[1218/230826.072:ERROR:process_memory_win.cc(73)] ReadMemory at 0x8e02aeb000 of 6024 bytes failed: Seule une partie d’une requête ReadProcessMemory ou WriteProcessMemory a été effectuée. (0x12B)
[1218/230826.072:ERROR:process_memory_win.cc(73)] ReadMemory at 0x8e02aed000 of 6024 bytes failed: Seule une partie d’une requête ReadProcessMemory ou WriteProcessMemory a été effectuée. (0x12B)
[1218/230826.072:ERROR:process_memory_win.cc(73)] ReadMemory at 0x8e02aef000 of 6024 bytes failed: Seule une partie d’une requête ReadProcessMemory ou WriteProcessMemory a été effectuée. (0x12B)
[1218/230826.072:ERROR:process_memory_win.cc(73)] ReadMemory at 0x8e02af1000 of 6024 bytes failed: Seule une partie d’une requête ReadProcessMemory ou WriteProcessMemory a été effectuée. (0x12B)
[1218/230826.073:ERROR:process_memory_win.cc(73)] ReadMemory at 0x8e02af3000 of 6024 bytes failed: Seule une partie d’une requête ReadProcessMemory ou WriteProcessMemory a été effectuée. (0x12B)
[1218/230826.073:ERROR:process_memory_win.cc(73)] ReadMemory at 0x8e02af5000 of 6024 bytes failed: Seule une partie d’une requête ReadProcessMemory ou WriteProcessMemory a été effectuée. (0x12B)
[1218/230826.073:ERROR:process_memory_win.cc(73)] ReadMemory at 0x8e02af7000 of 6024 bytes failed: Seule une partie d’une requête ReadProcessMemory ou WriteProcessMemory a été effectuée. (0x12B)
[1218/230826.073:ERROR:process_memory_win.cc(73)] ReadMemory at 0x8e02af9000 of 6024 bytes failed: Seule une partie d’une requête ReadProcessMemory ou WriteProcessMemory a été effectuée. (0x12B)
[1218/230826.073:ERROR:process_memory_win.cc(73)] ReadMemory at 0x8e02afb000 of 6024 bytes failed: Seule une partie d’une requête ReadProcessMemory ou WriteProcessMemory a été effectuée. (0x12B)
[1218/230826.073:ERROR:process_memory_win.cc(73)] ReadMemory at 0x1a9a9ca0750 of 80 bytes failed: Seule une partie d’une requête ReadProcessMemory ou WriteProcessMemory a été effectuée. (0x12B)
[1218/230826.073:ERROR:process_memory_win.cc(73)] ReadMemory at 0x1a9a9ca0fe0 of 4872 bytes failed: Seule une partie d’une requête ReadProcessMemory ou WriteProcessMemory a été effectuée. (0x12B)
[1218/230826.073:ERROR:process_memory_win.cc(73)] ReadMemory at 0x1a9a9ca22f0 of 1012 bytes failed: Seule une partie d’une requête ReadProcessMemory ou WriteProcessMemory a été effectuée. (0x12B)
[1218/230826.073:ERROR:process_memory_win.cc(73)] ReadMemory at 0x1a9a9ca2938 of 118 bytes failed: Seule une partie d’une requête ReadProcessMemory ou WriteProcessMemory a été effectuée. (0x12B)
[1218/230826.073:ERROR:process_memory_win.cc(73)] ReadMemory at 0x1a9a9ca29b0 of 974 bytes failed: Seule une partie d’une requête ReadProcessMemory ou WriteProcessMemory a été effectuée. (0x12B)
[1218/230826.073:ERROR:process_memory_win.cc(73)] ReadMemory at 0x1a9a9ca2d80 of 118 bytes failed: Seule une partie d’une requête ReadProcessMemory ou WriteProcessMemory a été effectuée. (0x12B)
[1218/230826.073:ERROR:process_memory_win.cc(73)] ReadMemory at 0x1a9a9ca2df8 of 100 bytes failed: Seule une partie d’une requête ReadProcessMemory ou WriteProcessMemory a été effectuée. (0x12B)
[1218/230826.073:ERROR:process_memory_win.cc(73)] ReadMemory at 0x1a9a9ca2e70 of 58 bytes failed: Seule une partie d’une requête ReadProcessMemory ou WriteProcessMemory a été effectuée. (0x12B)
[1218/230826.073:ERROR:process_memory_win.cc(73)] ReadMemory at 0x1a9a9ca2f70 of 132 bytes failed: Seule une partie d’une requête ReadProcessMemory ou WriteProcessMemory a été effectuée. (0x12B)
[1218/230826.073:ERROR:process_memory_win.cc(73)] ReadMemory at 0x1a9a9ca3100 of 132 bytes failed: Seule une partie d’une requête ReadProcessMemory ou WriteProcessMemory a été effectuée. (0x12B)
[1218/230826.073:ERROR:process_memory_win.cc(73)] ReadMemory at 0x1a9a9ca32c0 of 124 bytes failed: Seule une partie d’une requête ReadProcessMemory ou WriteProcessMemory a été effectuée. (0x12B)
[1218/230826.073:ERROR:process_memory_win.cc(73)] ReadMemory at 0x1a9a9ca36a0 of 132 bytes failed: Seule une partie d’une requête ReadProcessMemory ou WriteProcessMemory a été effectuée. (0x12B)
[1218/230826.073:ERROR:process_memory_win.cc(73)] ReadMemory at 0x1a9a9ca3830 of 64 bytes failed: Seule une partie d’une requête ReadProcessMemory ou WriteProcessMemory a été effectuée. (0x12B)
[1218/230826.073:ERROR:process_memory_win.cc(73)] ReadMemory at 0x1a9a9ca3880 of 132 bytes failed: Seule une partie d’une requête ReadProcessMemory ou WriteProcessMemory a été effectuée. (0x12B)
[1218/230826.073:ERROR:process_memory_win.cc(73)] ReadMemory at 0x1a9a9ca3c90 of 132 bytes failed: Seule une partie d’une requête ReadProcessMemory ou WriteProcessMemory a été effectuée. (0x12B)
[1218/230826.073:ERROR:process_memory_win.cc(73)] ReadMemory at 0x1a9a9ca3e20 of 68 bytes failed: Seule une partie d’une requête ReadProcessMemory ou WriteProcessMemory a été effectuée. (0x12B)
[1218/230826.073:ERROR:process_memory_win.cc(73)] ReadMemory at 0x1a9a9ca4e70 of 132 bytes failed: Seule une partie d’une requête ReadProcessMemory ou WriteProcessMemory a été effectuée. (0x12B)
[1218/230826.074:ERROR:process_memory_win.cc(73)] ReadMemory at 0x1a9a9ca4fd0 of 132 bytes failed: Seule une partie d’une requête ReadProcessMemory ou WriteProcessMemory a été effectuée. (0x12B)
[1218/230826.074:ERROR:process_memory_win.cc(73)] ReadMemory at 0x1a9a9ca5100 of 152 bytes failed: Seule une partie d’une requête ReadProcessMemory ou WriteProcessMemory a été effectuée. (0x12B)
[1218/230826.074:ERROR:process_memory_win.cc(73)] ReadMemory at 0x1a9a9ca5eb0 of 62 bytes failed: Seule une partie d’une requête ReadProcessMemory ou WriteProcessMemory a été effectuée. (0x12B)
[1218/230826.074:ERROR:process_memory_win.cc(73)] ReadMemory at 0x1a9a9ca5f00 of 132 bytes failed: Seule une partie d’une requête ReadProcessMemory ou WriteProcessMemory a été effectuée. (0x12B)
[1218/230826.074:ERROR:process_memory_win.cc(73)] ReadMemory at 0x1a9a9ca60a0 of 132 bytes failed: Seule une partie d’une requête ReadProcessMemory ou WriteProcessMemory a été effectuée. (0x12B)
[1218/230826.074:ERROR:process_memory_win.cc(73)] ReadMemory at 0x1a9a9ca61d0 of 60 bytes failed: Seule une partie d’une requête ReadProcessMemory ou WriteProcessMemory a été effectuée. (0x12B)
[1218/230826.074:ERROR:process_memory_win.cc(73)] ReadMemory at 0x1a9a9ca695a of 512 bytes failed: Seule une partie d’une requête ReadProcessMemory ou WriteProcessMemory a été effectuée. (0x12B)
[1218/230826.074:ERROR:process_memory_win.cc(73)] ReadMemory at 0x1a9a9ca6eb0 of 132 bytes failed: Seule une partie d’une requête ReadProcessMemory ou WriteProcessMemory a été effectuée. (0x12B)
[1218/230826.074:ERROR:process_memory_win.cc(73)] ReadMemory at 0x1a9a9ca6fe0 of 132 bytes failed: Seule une partie d’une requête ReadProcessMemory ou WriteProcessMemory a été effectuée. (0x12B)
[1218/230826.074:ERROR:process_memory_win.cc(73)] ReadMemory at 0x1a9a9ca71f0 of 132 bytes failed: Seule une partie d’une requête ReadProcessMemory ou WriteProcessMemory a été effectuée. (0x12B)
[1218/230826.074:ERROR:process_memory_win.cc(73)] ReadMemory at 0x1a9a9ca75a0 of 132 bytes failed: Seule une partie d’une requête ReadProcessMemory ou WriteProcessMemory a été effectuée. (0x12B)
[1218/230826.074:ERROR:process_memory_win.cc(73)] ReadMemory at 0x1a9a9ca7b30 of 132 bytes failed: Seule une partie d’une requête ReadProcessMemory ou WriteProcessMemory a été effectuée. (0x12B)
[1218/230826.074:ERROR:process_memory_win.cc(73)] ReadMemory at 0x1a9a9caaa30 of 64 bytes failed: Seule une partie d’une requête ReadProcessMemory ou WriteProcessMemory a été effectuée. (0x12B)
[1218/230826.074:ERROR:process_memory_win.cc(73)] ReadMemory at 0x1a9a9caaa80 of 62 bytes failed: Seule une partie d’une requête ReadProcessMemory ou WriteProcessMemory a été effectuée. (0x12B)
[1218/230826.074:ERROR:process_memory_win.cc(73)] ReadMemory at 0x1a9a9caaad0 of 64 bytes failed: Seule une partie d’une requête ReadProcessMemory ou WriteProcessMemory a été effectuée. (0x12B)
[1218/230826.074:ERROR:process_memory_win.cc(73)] ReadMemory at 0x1a9a9caab70 of 60 bytes failed: Seule une partie d’une requête ReadProcessMemory ou WriteProcessMemory a été effectuée. (0x12B)
[1218/230826.074:ERROR:process_memory_win.cc(73)] ReadMemory at 0x1a9a9caac10 of 64 bytes failed: Seule une partie d’une requête ReadProcessMemory ou WriteProcessMemory a été effectuée. (0x12B)
[1218/230826.074:ERROR:process_memory_win.cc(73)] ReadMemory at 0x1a9a9caae40 of 62 bytes failed: Seule une partie d’une requête ReadProcessMemory ou WriteProcessMemory a été effectuée. (0x12B)
[1218/230826.074:ERROR:process_memory_win.cc(73)] ReadMemory at 0x1a9a9caae90 of 66 bytes failed: Seule une partie d’une requête ReadProcessMemory ou WriteProcessMemory a été effectuée. (0x12B)
[1218/230826.074:ERROR:process_memory_win.cc(73)] ReadMemory at 0x1a9a9cab0c0 of 64 bytes failed: Seule une partie d’une requête ReadProcessMemory ou WriteProcessMemory a été effectuée. (0x12B)
[1218/230826.074:ERROR:process_memory_win.cc(73)] ReadMemory at 0x1a9a9cab160 of 60 bytes failed: Seule une partie d’une requête ReadProcessMemory ou WriteProcessMemory a été effectuée. (0x12B)
[1218/230826.074:ERROR:process_memory_win.cc(73)] ReadMemory at 0x1a9a9cab240 of 132 bytes failed: Seule une partie d’une requête ReadProcessMemory ou WriteProcessMemory a été effectuée. (0x12B)
[1218/230826.074:ERROR:process_memory_win.cc(73)] ReadMemory at 0x1a9a9cab370 of 132 bytes failed: Seule une partie d’une requête ReadProcessMemory ou WriteProcessMemory a été effectuée. (0x12B)
[1218/230826.074:ERROR:process_memory_win.cc(73)] ReadMemory at 0x1a9a9cab5d0 of 132 bytes failed: Seule une partie d’une requête ReadProcessMemory ou WriteProcessMemory a été effectuée. (0x12B)
[1218/230826.074:ERROR:process_memory_win.cc(73)] ReadMemory at 0x1a9a9cab700 of 132 bytes failed: Seule une partie d’une requête ReadProcessMemory ou WriteProcessMemory a été effectuée. (0x12B)
[1218/230826.075:ERROR:process_memory_win.cc(73)] ReadMemory at 0x1a9a9cab830 of 132 bytes failed: Seule une partie d’une requête ReadProcessMemory ou WriteProcessMemory a été effectuée. (0x12B)
[1218/230826.075:ERROR:process_memory_win.cc(73)] ReadMemory at 0x1a9a9cab960 of 132 bytes failed: Seule une partie d’une requête ReadProcessMemory ou WriteProcessMemory a été effectuée. (0x12B)
[1218/230826.075:ERROR:process_memory_win.cc(73)] ReadMemory at 0x1a9a9caba90 of 132 bytes failed: Seule une partie d’une requête ReadProcessMemory ou WriteProcessMemory a été effectuée. (0x12B)
[1218/230826.075:ERROR:process_memory_win.cc(73)] ReadMemory at 0x1a9a9cabbc0 of 132 bytes failed: Seule une partie d’une requête ReadProcessMemory ou WriteProcessMemory a été effectuée. (0x12B)
[1218/230826.075:ERROR:process_memory_win.cc(73)] ReadMemory at 0x1a9a9cabcf0 of 132 bytes failed: Seule une partie d’une requête ReadProcessMemory ou WriteProcessMemory a été effectuée. (0x12B)
[1218/230826.075:ERROR:process_memory_win.cc(73)] ReadMemory at 0x1a9a9cabe20 of 132 bytes failed: Seule une partie d’une requête ReadProcessMemory ou WriteProcessMemory a été effectuée. (0x12B)
[1218/230826.075:ERROR:process_memory_win.cc(73)] ReadMemory at 0x1a9a9cabf50 of 132 bytes failed: Seule une partie d’une requête ReadProcessMemory ou WriteProcessMemory a été effectuée. (0x12B)
[1218/230826.075:ERROR:process_memory_win.cc(73)] ReadMemory at 0x1a9a9cac080 of 132 bytes failed: Seule une partie d’une requête ReadProcessMemory ou WriteProcessMemory a été effectuée. (0x12B)
[1218/230826.075:ERROR:process_memory_win.cc(73)] ReadMemory at 0x1a9a9cae500 of 132 bytes failed: Seule une partie d’une requête ReadProcessMemory ou WriteProcessMemory a été effectuée. (0x12B)
[1218/230826.075:ERROR:process_memory_win.cc(73)] ReadMemory at 0x1a9a9caf200 of 54 bytes failed: Seule une partie d’une requête ReadProcessMemory ou WriteProcessMemory a été effectuée. (0x12B)
[1218/230826.075:ERROR:process_memory_win.cc(73)] ReadMemory at 0x1a9a9cafc00 of 132 bytes failed: Seule une partie d’une requête ReadProcessMemory ou WriteProcessMemory a été effectuée. (0x12B)
[1218/230826.075:ERROR:process_memory_win.cc(73)] ReadMemory at 0x1a9a9caff50 of 132 bytes failed: Seule une partie d’une requête ReadProcessMemory ou WriteProcessMemory a été effectuée. (0x12B)
[1218/230826.075:ERROR:process_memory_win.cc(73)] ReadMemory at 0x1a9a9cb1e00 of 156 bytes failed: Seule une partie d’une requête ReadProcessMemory ou WriteProcessMemory a été effectuée. (0x12B)
[1218/230826.075:ERROR:process_memory_win.cc(73)] ReadMemory at 0x1a9a9cb4d50 of 76 bytes failed: Seule une partie d’une requête ReadProcessMemory ou WriteProcessMemory a été effectuée. (0x12B)
[1218/230826.075:ERROR:process_memory_win.cc(73)] ReadMemory at 0x1a9a9cb5220 of 62 bytes failed: Seule une partie d’une requête ReadProcessMemory ou WriteProcessMemory a été effectuée. (0x12B)
[1218/230826.075:ERROR:process_memory_win.cc(73)] ReadMemory at 0x1a9a9cb5450 of 64 bytes failed: Seule une partie d’une requête ReadProcessMemory ou WriteProcessMemory a été effectuée. (0x12B)
[1218/230826.075:ERROR:process_memory_win.cc(73)] ReadMemory at 0x1a9a9cb5540 of 62 bytes failed: Seule une partie d’une requête ReadProcessMemory ou WriteProcessMemory a été effectuée. (0x12B)
[1218/230826.075:ERROR:process_memory_win.cc(73)] ReadMemory at 0x1a9a9cb55e0 of 62 bytes failed: Seule une partie d’une requête ReadProcessMemory ou WriteProcessMemory a été effectuée. (0x12B)
[1218/230826.075:ERROR:process_memory_win.cc(73)] ReadMemory at 0x1a9a9cb5630 of 62 bytes failed: Seule une partie d’une requête ReadProcessMemory ou WriteProcessMemory a été effectuée. (0x12B)
[1218/230826.075:ERROR:process_memory_win.cc(73)] ReadMemory at 0x1a9a9cb5720 of 60 bytes failed: Seule une partie d’une requête ReadProcessMemory ou WriteProcessMemory a été effectuée. (0x12B)
[1218/230826.075:ERROR:process_memory_win.cc(73)] ReadMemory at 0x1a9a9cb58b0 of 60 bytes failed: Seule une partie d’une requête ReadProcessMemory ou WriteProcessMemory a été effectuée. (0x12B)
[1218/230826.075:ERROR:process_memory_win.cc(73)] ReadMemory at 0x1a9a9cb5900 of 64 bytes failed: Seule une partie d’une requête ReadProcessMemory ou WriteProcessMemory a été effectuée. (0x12B)
[1218/230826.075:ERROR:process_memory_win.cc(73)] ReadMemory at 0x1a9a9cb5950 of 64 bytes failed: Seule une partie d’une requête ReadProcessMemory ou WriteProcessMemory a été effectuée. (0x12B)
[1218/230826.075:ERROR:process_memory_win.cc(73)] ReadMemory at 0x1a9a9cb59f0 of 58 bytes failed: Seule une partie d’une requête ReadProcessMemory ou WriteProcessMemory a été effectuée. (0x12B)
[1218/230826.075:ERROR:process_memory_win.cc(73)] ReadMemory at 0x1a9a9cb5a90 of 62 bytes failed: Seule une partie d’une requête ReadProcessMemory ou WriteProcessMemory a été effectuée. (0x12B)
[1218/230826.075:ERROR:process_memory_win.cc(73)] ReadMemory at 0x1a9a9cb5ae0 of 62 bytes failed: Seule une partie d’une requête ReadProcessMemory ou WriteProcessMemory a été effectuée. (0x12B)
[1218/230826.076:ERROR:process_memory_win.cc(73)] ReadMemory at 0x1a9a9cb5c20 of 60 bytes failed: Seule une partie d’une requête ReadProcessMemory ou WriteProcessMemory a été effectuée. (0x12B)
[1218/230826.076:ERROR:process_memory_win.cc(73)] ReadMemory at 0x1a9a9cb5c70 of 60 bytes failed: Seule une partie d’une requête ReadProcessMemory ou WriteProcessMemory a été effectuée. (0x12B)
[1218/230826.076:ERROR:process_memory_win.cc(73)] ReadMemory at 0x1a9a9cb5e00 of 64 bytes failed: Seule une partie d’une requête ReadProcessMemory ou WriteProcessMemory a été effectuée. (0x12B)
[1218/230826.076:ERROR:process_memory_win.cc(73)] ReadMemory at 0x1a9a9cb5ef0 of 62 bytes failed: Seule une partie d’une requête ReadProcessMemory ou WriteProcessMemory a été effectuée. (0x12B)
[1218/230826.076:ERROR:process_memory_win.cc(73)] ReadMemory at 0x1a9a9cb6030 of 66 bytes failed: Seule une partie d’une requête ReadProcessMemory ou WriteProcessMemory a été effectuée. (0x12B)
[1218/230826.076:ERROR:process_memory_win.cc(73)] ReadMemory at 0x1a9a9cb6080 of 62 bytes failed: Seule une partie d’une requête ReadProcessMemory ou WriteProcessMemory a été effectuée. (0x12B)
[1218/230826.076:ERROR:process_memory_win.cc(73)] ReadMemory at 0x1a9a9cb6f80 of 132 bytes failed: Seule une partie d’une requête ReadProcessMemory ou WriteProcessMemory a été effectuée. (0x12B)
[1218/230826.076:ERROR:process_memory_win.cc(73)] ReadMemory at 0x1a9a9cb71e0 of 132 bytes failed: Seule une partie d’une requête ReadProcessMemory ou WriteProcessMemory a été effectuée. (0x12B)
[1218/230826.076:ERROR:process_memory_win.cc(73)] ReadMemory at 0x1a9a9cb76a0 of 132 bytes failed: Seule une partie d’une requête ReadProcessMemory ou WriteProcessMemory a été effectuée. (0x12B)
[1218/230826.076:ERROR:process_memory_win.cc(73)] ReadMemory at 0x1a9a9cb77d0 of 132 bytes failed: Seule une partie d’une requête ReadProcessMemory ou WriteProcessMemory a été effectuée. (0x12B)
[1218/230826.076:ERROR:process_memory_win.cc(73)] ReadMemory at 0x1a9a9cb7b60 of 132 bytes failed: Seule une partie d’une requête ReadProcessMemory ou WriteProcessMemory a été effectuée. (0x12B)
[1218/230826.076:ERROR:process_memory_win.cc(73)] ReadMemory at 0x1a9a9cb7c90 of 132 bytes failed: Seule une partie d’une requête ReadProcessMemory ou WriteProcessMemory a été effectuée. (0x12B)
[1218/230826.076:ERROR:process_memory_win.cc(73)] ReadMemory at 0x1a9a9cb83b0 of 132 bytes failed: Seule une partie d’une requête ReadProcessMemory ou WriteProcessMemory a été effectuée. (0x12B)
[1218/230826.076:ERROR:process_memory_win.cc(73)] ReadMemory at 0x1a9a9cb84e0 of 132 bytes failed: Seule une partie d’une requête ReadProcessMemory ou WriteProcessMemory a été effectuée. (0x12B)
[1218/230826.076:ERROR:process_memory_win.cc(73)] ReadMemory at 0x1a9a9cb89a0 of 132 bytes failed: Seule une partie d’une requête ReadProcessMemory ou WriteProcessMemory a été effectuée. (0x12B)
[1218/230826.076:ERROR:process_memory_win.cc(73)] ReadMemory at 0x1a9a9cb9b10 of 512 bytes failed: Seule une partie d’une requête ReadProcessMemory ou WriteProcessMemory a été effectuée. (0x12B)
[1218/230826.076:ERROR:process_memory_win.cc(73)] ReadMemory at 0x1a9a9ccc100 of 512 bytes failed: Seule une partie d’une requête ReadProcessMemory ou WriteProcessMemory a été effectuée. (0x12B)
[1218/230826.076:ERROR:process_memory_win.cc(73)] ReadMemory at 0x1a9aa3e0ad0 of 512 bytes failed: Seule une partie d’une requête ReadProcessMemory ou WriteProcessMemory a été effectuée. (0x12B)
[1218/230826.076:ERROR:process_memory_win.cc(73)] ReadMemory at 0x1a9aa3e2600 of 896 bytes failed: Seule une partie d’une requête ReadProcessMemory ou WriteProcessMemory a été effectuée. (0x12B)
[1218/230826.076:ERROR:process_memory_win.cc(73)] ReadMemory at 0x1a9aa3ed390 of 512 bytes failed: Seule une partie d’une requête ReadProcessMemory ou WriteProcessMemory a été effectuée. (0x12B)
[1218/230826.076:ERROR:process_memory_win.cc(73)] ReadMemory at 0x1a9aa406e10 of 712 bytes failed: Seule une partie d’une requête ReadProcessMemory ou WriteProcessMemory a été effectuée. (0x12B)
[1218/230826.076:ERROR:process_memory_win.cc(73)] ReadMemory at 0x1a9aa410a38 of 512 bytes failed: Seule une partie d’une requête ReadProcessMemory ou WriteProcessMemory a été effectuée. (0x12B)
[1218/230826.076:ERROR:process_memory_win.cc(73)] ReadMemory at 0x1a9aa411068 of 656 bytes failed: Seule une partie d’une requête ReadProcessMemory ou WriteProcessMemory a été effectuée. (0x12B)
[1218/230826.076:ERROR:process_memory_win.cc(73)] ReadMemory at 0x1a9aa411f08 of 512 bytes failed: Seule une partie d’une requête ReadProcessMemory ou WriteProcessMemory a été effectuée. (0x12B)
[1218/230826.077:ERROR:process_memory_win.cc(73)] ReadMemory at 0x1a9aa44ad10 of 512 bytes failed: Seule une partie d’une requête ReadProcessMemory ou WriteProcessMemory a été effectuée. (0x12B)
[1218/230826.077:ERROR:process_memory_win.cc(73)] ReadMemory at 0x1a9ac3a99d0 of 512 bytes failed: Seule une partie d’une requête ReadProcessMemory ou WriteProcessMemory a été effectuée. (0x12B)
[1218/230826.077:ERROR:process_memory_win.cc(73)] ReadMemory at 0x1a9ac4665b8 of 512 bytes failed: Seule une partie d’une requête ReadProcessMemory ou WriteProcessMemory a été effectuée. (0x12B)
[1218/230826.077:ERROR:process_memory_win.cc(73)] ReadMemory at 0x1a9ac93ff80 of 512 bytes failed: Seule une partie d’une requête ReadProcessMemory ou WriteProcessMemory a été effectuée. (0x12B)
[1218/230826.077:ERROR:process_memory_win.cc(73)] ReadMemory at 0x1a9aca52e40 of 512 bytes failed: Seule une partie d’une requête ReadProcessMemory ou WriteProcessMemory a été effectuée. (0x12B)
[1218/230826.077:ERROR:process_memory_win.cc(73)] ReadMemory at 0x37569081e140 of 512 bytes failed: Seule une partie d’une requête ReadProcessMemory ou WriteProcessMemory a été effectuée. (0x12B)
[1218/230826.077:ERROR:process_memory_win.cc(73)] ReadMemory at 0x7ffc604df53e of 512 bytes failed: Seule une partie d’une requête ReadProcessMemory ou WriteProcessMemory a été effectuée. (0x12B)
[1218/230826.077:ERROR:process_memory_win.cc(73)] ReadMemory at 0x7ffc60cbee1c of 512 bytes failed: Seule une partie d’une requête ReadProcessMemory ou WriteProcessMemory a été effectuée. (0x12B)
[1218/230826.077:ERROR:process_memory_win.cc(73)] ReadMemory at 0x7ffc61aaec61 of 512 bytes failed: Seule une partie d’une requête ReadProcessMemory ou WriteProcessMemory a été effectuée. (0x12B)
[1218/230826.077:ERROR:process_memory_win.cc(73)] ReadMemory at 0x7ffc62b5a19a of 512 bytes failed: Seule une partie d’une requête ReadProcessMemory ou WriteProcessMemory a été effectuée. (0x12B)
[1218/230826.077:ERROR:process_memory_win.cc(73)] ReadMemory at 0x7ffcc18db6d0 of 512 bytes failed: Seule une partie d’une requête ReadProcessMemory ou WriteProcessMemory a été effectuée. (0x12B)
[1218/230826.077:ERROR:process_memory_win.cc(73)] ReadMemory at 0x7ffcc44dc0c4 of 672 bytes failed: Seule une partie d’une requête ReadProcessMemory ou WriteProcessMemory a été effectuée. (0x12B)
[1218/230826.077:ERROR:process_memory_win.cc(73)] ReadMemory at 0x7ffcc44dc6c4 of 512 bytes failed: Seule une partie d’une requête ReadProcessMemory ou WriteProcessMemory a été effectuée. (0x12B)
[1218/230826.077:ERROR:process_memory_win.cc(73)] ReadMemory at 0x7ffcc44df974 of 608 bytes failed: Seule une partie d’une requête ReadProcessMemory ou WriteProcessMemory a été effectuée. (0x12B)
[1218/230826.077:ERROR:process_memory_win.cc(73)] ReadMemory at 0x7ffcc456c428 of 18 bytes failed: Seule une partie d’une requête ReadProcessMemory ou WriteProcessMemory a été effectuée. (0x12B)
[1218/230826.077:ERROR:process_memory_win.cc(73)] ReadMemory at 0x7ffcc459f4f8 of 40 bytes failed: Seule une partie d’une requête ReadProcessMemory ou WriteProcessMemory a été effectuée. (0x12B)
[1218/230826.077:ERROR:process_memory_win.cc(73)] ReadMemory at 0x7ffcc459f978 of 48 bytes failed: Seule une partie d’une requête ReadProcessMemory ou WriteProcessMemory a été effectuée. (0x12B)
[1218/230826.077:ERROR:process_memory_win.cc(73)] ReadMemory at 0x7ffcc45a53c0 of 64 bytes failed: Seule une partie d’une requête ReadProcessMemory ou WriteProcessMemory a été effectuée. (0x12B)
[1218/230826.078:ERROR:scoped_process_suspend.cc(40)] NtResumeProcess: Tentative d’accès à un processus en cours d’arrêt. (0xc000010a)
